<?xml version="1.0" encoding="UTF-8"?>
<!-- Generated by org.testng.reporters.JUnitReportReporter -->
<testsuite hostname="LAPTOP-FL98232P" failures="0" tests="2" name="practice.DataProviderEX1" time="0.017" errors="0" timestamp="2023-06-27T10:44:41 IST" skipped="0">
  <testcase classname="practice.DataProviderEX1" name="bookTickets" time="0.001"/>
  <system-out/>
  <testcase classname="practice.DataProviderEX1" name="bookTickets" time="0.016"/>
  <system-out/>
</testsuite> <!-- practice.DataProviderEX1 -->
