<?xml version="1.0" encoding="UTF-8"?>
<!-- Generated by org.testng.reporters.JUnitReportReporter -->
<testsuite hostname="LAPTOP-FL98232P" failures="0" tests="3" name="practice.TestNG" time="0.018" errors="0" timestamp="2023-09-02T09:53:24 IST" skipped="1">
  <testcase classname="practice.TestNG" name="createdContact" time="0.017"/>
  <system-out/>
  <testcase classname="practice.TestNG" name="modifyContact" time="0.001"/>
  <system-out/>
  <testcase classname="practice.TestNG" name="deleteContact">
    <skipped/>
  </testcase> <!-- deleteContact -->
  <system-out/>
</testsuite> <!-- practice.TestNG -->
