<?xml version="1.0" encoding="UTF-8"?>
<!-- Generated by org.testng.reporters.JUnitReportReporter -->
<testsuite hostname="LAPTOP-FL98232P" failures="0" tests="1" name="Product.GenericCreateProductTest" time="16.489" errors="0" timestamp="2023-06-28T14:49:22 IST" skipped="0">
  <testcase classname="Product.GenericCreateProductTest" name="GenericCreateProductTest" time="16.489"/>
  <system-out/>
</testsuite> <!-- Product.GenericCreateProductTest -->
