<?xml version="1.0" encoding="UTF-8"?>
<!-- Generated by org.testng.reporters.JUnitReportReporter -->
<testsuite hostname="LAPTOP-FL98232P" failures="0" tests="1" name="Campaign.CreateCampaignTest" time="10.982" errors="0" timestamp="2023-06-26T23:19:05 IST" skipped="0">
  <testcase classname="Campaign.CreateCampaignTest" name="CreateCampaignTest" time="10.982"/>
  <system-out/>
</testsuite> <!-- Campaign.CreateCampaignTest -->
