<?xml version="1.0" encoding="UTF-8"?>
<!-- Generated by org.testng.reporters.JUnitReportReporter -->
<testsuite hostname="LAPTOP-FL98232P" failures="0" tests="2" name="practice2_chaitra.DataProviderPractice" time="0.032" errors="0" timestamp="2023-10-10T00:26:38 IST" skipped="0">
  <testcase classname="practice2_chaitra.DataProviderPractice" name="AddproductToCart" time="0.002"/>
  <system-out/>
  <testcase classname="practice2_chaitra.DataProviderPractice" name="AddproductToCart" time="0.030"/>
  <system-out/>
</testsuite> <!-- practice2_chaitra.DataProviderPractice -->
