<?xml version="1.0" encoding="UTF-8"?>
<!-- Generated by org.testng.reporters.JUnitReportReporter -->
<testsuite hostname="LAPTOP-FL98232P" failures="0" tests="2" name="aSSERTION.SoftAssertEx" time="0.011" errors="0" timestamp="2023-06-30T10:26:42 IST" skipped="0">
  <testcase classname="aSSERTION.SoftAssertEx" name="m1" time="0.010"/>
  <system-out/>
  <testcase classname="aSSERTION.SoftAssertEx" name="m2" time="0.001"/>
  <system-out/>
</testsuite> <!-- aSSERTION.SoftAssertEx -->
