<?xml version="1.0" encoding="UTF-8"?>
<!-- Generated by org.testng.reporters.JUnitReportReporter -->
<testsuite hostname="LAPTOP-FL98232P" failures="0" tests="1" name="Product.GenericCreateProducTandDeleteTest" time="10.520" errors="0" timestamp="2023-07-04T14:04:50 IST" skipped="0">
  <testcase classname="Product.GenericCreateProducTandDeleteTest" name="GenericCreateProducTandDeleteTest" time="10.520"/>
  <system-out/>
</testsuite> <!-- Product.GenericCreateProducTandDeleteTest -->
