<?xml version="1.0" encoding="UTF-8"?>
<!-- Generated by org.testng.reporters.JUnitReportReporter -->
<testsuite hostname="LAPTOP-FL98232P" failures="0" tests="2" name="practice.DataProviderEx1FetchdatafromExcel" time="0.014" errors="0" timestamp="2023-06-27T17:16:23 IST" skipped="0">
  <testcase classname="practice.DataProviderEx1FetchdatafromExcel" name="bookTickets" time="0.013"/>
  <system-out/>
  <testcase classname="practice.DataProviderEx1FetchdatafromExcel" name="bookTickets" time="0.001"/>
  <system-out/>
</testsuite> <!-- practice.DataProviderEx1FetchdatafromExcel -->
