<?xml version="1.0" encoding="UTF-8"?>
<!-- Generated by org.testng.reporters.JUnitReportReporter -->
<testsuite hostname="LAPTOP-FL98232P" failures="0" tests="3" name="practice.DataProviderEx2" time="53.519" errors="0" timestamp="2023-07-18T09:58:21 IST" skipped="0">
  <testcase classname="practice.DataProviderEx2" name="m1" time="16.776"/>
  <system-out/>
  <testcase classname="practice.DataProviderEx2" name="m1" time="16.796"/>
  <system-out/>
  <testcase classname="practice.DataProviderEx2" name="m1" time="19.947"/>
  <system-out/>
</testsuite> <!-- practice.DataProviderEx2 -->
